-------------------------------------------------------------------------------
Test set: com.example.JDBC.MainTests
-------------------------------------------------------------------------------
Tests run: 1, Failures: 0, Errors: 1, Skipped: 0, Time elapsed: 0.516 s <<< FAILURE! - in com.example.JDBC.MainTests
com.example.JDBC.MainTests  Time elapsed: 0.515 s  <<< ERROR!
java.lang.IllegalStateException: Unable to find a @SpringBootConfiguration, you need to use @ContextConfiguration or @SpringBootTest(classes=...) with your test

